This file contains any messages produced by compilers while
running configure, to aid debugging if configure makes a mistake.

It was created by configure, which was
generated by GNU Autoconf 2.69.  Invocation command line was

  $ ./configure 

## --------- ##
## Platform. ##
## --------- ##

hostname = maquina
uname -m = x86_64
uname -r = 5.4.0-29-generic
uname -s = Linux
uname -v = #33-Ubuntu SMP Wed Apr 29 14:32:27 UTC 2020

/usr/bin/uname -p = x86_64
/bin/uname -X     = unknown

/bin/arch              = x86_64
/usr/bin/arch -k       = unknown
/usr/convex/getsysinfo = unknown
/usr/bin/hostinfo      = unknown
/bin/machine           = unknown
/usr/bin/oslevel       = unknown
/bin/universe          = unknown

PATH: /home/denyhs/bin
PATH: /usr/local/bin
PATH: /usr/local/sbin
PATH: /usr/local/bin
PATH: /usr/sbin
PATH: /usr/bin
PATH: /sbin
PATH: /bin
PATH: /usr/games
PATH: /usr/local/games
PATH: /snap/bin
PATH: /usr/lib/jvm/java-8-openjdk-amd64/bin
PATH: /home/denyhs/flutter/bin
PATH: /home/denyhs/android-studio/bin
PATH: /home/denyhs/Android/Sdk/tools
PATH: /home/denyhs/Android/Sdk/platform-tools


## ----------- ##
## Core tests. ##
## ----------- ##

configure:2443: checking build system type
configure:2457: result: x86_64-pc-linux-gnu
configure:2477: checking host system type
configure:2490: result: x86_64-pc-linux-gnu
configure:2580: checking for gcc
configure:2596: found /usr/bin/gcc
configure:2607: result: gcc
configure:2836: checking for C compiler version
configure:2845: gcc --version >&5
gcc (Ubuntu 9.3.0-10ubuntu2) 9.3.0
Copyright (C) 2019 Free Software Foundation, Inc.
This is free software; see the source for copying conditions.  There is NO
warranty; not even for MERCHANTABILITY or FITNESS FOR A PARTICULAR PURPOSE.

configure:2856: $? = 0
configure:2845: gcc -v >&5
Using built-in specs.
COLLECT_GCC=gcc
COLLECT_LTO_WRAPPER=/usr/lib/gcc/x86_64-linux-gnu/9/lto-wrapper
OFFLOAD_TARGET_NAMES=nvptx-none:hsa
OFFLOAD_TARGET_DEFAULT=1
Target: x86_64-linux-gnu
Configured with: ../src/configure -v --with-pkgversion='Ubuntu 9.3.0-10ubuntu2' --with-bugurl=file:///usr/share/doc/gcc-9/README.Bugs --enable-languages=c,ada,c++,go,brig,d,fortran,objc,obj-c++,gm2 --prefix=/usr --with-gcc-major-version-only --program-suffix=-9 --program-prefix=x86_64-linux-gnu- --enable-shared --enable-linker-build-id --libexecdir=/usr/lib --without-included-gettext --enable-threads=posix --libdir=/usr/lib --enable-nls --enable-clocale=gnu --enable-libstdcxx-debug --enable-libstdcxx-time=yes --with-default-libstdcxx-abi=new --enable-gnu-unique-object --disable-vtable-verify --enable-plugin --enable-default-pie --with-system-zlib --with-target-system-zlib=auto --enable-objc-gc=auto --enable-multiarch --disable-werror --with-arch-32=i686 --with-abi=m64 --with-multilib-list=m32,m64,mx32 --enable-multilib --with-tune=generic --enable-offload-targets=nvptx-none,hsa --without-cuda-driver --enable-checking=release --build=x86_64-linux-gnu --host=x86_64-linux-gnu --target=x86_64-linux-gnu
Thread model: posix
gcc version 9.3.0 (Ubuntu 9.3.0-10ubuntu2) 
configure:2856: $? = 0
configure:2845: gcc -V >&5
gcc: error: unrecognized command line option '-V'
gcc: fatal error: no input files
compilation terminated.
configure:2856: $? = 1
configure:2845: gcc -qversion >&5
gcc: error: unrecognized command line option '-qversion'; did you mean '--version'?
gcc: fatal error: no input files
compilation terminated.
configure:2856: $? = 1
configure:2876: checking whether the C compiler works
configure:2898: gcc    conftest.c  >&5
configure:2902: $? = 0
configure:2950: result: yes
configure:2953: checking for C compiler default output file name
configure:2955: result: a.out
configure:2961: checking for suffix of executables
configure:2968: gcc -o conftest    conftest.c  >&5
configure:2972: $? = 0
configure:2994: result: 
configure:3016: checking whether we are cross compiling
configure:3024: gcc -o conftest    conftest.c  >&5
configure:3028: $? = 0
configure:3035: ./conftest
configure:3039: $? = 0
configure:3027: result: no
configure:3032: checking for suffix of object files
configure:3054: gcc -c   conftest.c >&5
configure:3058: $? = 0
configure:3079: result: o
configure:3083: checking whether we are using the GNU C compiler
configure:3102: gcc -c   conftest.c >&5
configure:3102: $? = 0
configure:3111: result: yes
configure:3120: checking whether gcc accepts -g
configure:3140: gcc -c -g  conftest.c >&5
configure:3140: $? = 0
configure:3181: result: yes
configure:3198: checking for gcc option to accept ISO C89
configure:3261: gcc  -c -g -O2  conftest.c >&5
configure:3261: $? = 0
configure:3274: result: none needed
configure:3304: checking for special C compiler options needed for large files
configure:3349: result: no
configure:3355: checking for _FILE_OFFSET_BITS value needed for large files
configure:3380: gcc -c   conftest.c >&5
configure:3380: $? = 0
configure:3412: result: no
configure:3564: checking if gcc supports -O4 -Werror flags
configure:3575: gcc -o conftest -O4 -Werror   conftest.c  >&5
conftest.c:9:1: error: return type defaults to 'int' [-Werror=implicit-int]
    9 | main(){exit(0);}
      | ^~~~
conftest.c: In function 'main':
conftest.c:9:8: error: implicit declaration of function 'exit' [-Werror=implicit-function-declaration]
    9 | main(){exit(0);}
      |        ^~~~
conftest.c:9:8: error: incompatible implicit declaration of built-in function 'exit' [-Werror]
conftest.c:1:1: note: include '<stdlib.h>' or provide a declaration of 'exit'
  +++ |+#include <stdlib.h>
    1 | /* confdefs.h */
cc1: all warnings being treated as errors
configure:3575: $? = 1
configure: program exited with status 1
configure: failed program was:
| /* confdefs.h */
| #define PACKAGE_NAME ""
| #define PACKAGE_TARNAME ""
| #define PACKAGE_VERSION ""
| #define PACKAGE_STRING ""
| #define PACKAGE_BUGREPORT ""
| #define PACKAGE_URL ""
| /* end confdefs.h.  */
| main(){exit(0);}
configure:3585: result: no
configure:3593: checking if gcc supports -O3 flags
configure:3604: gcc -o conftest -O3   conftest.c  >&5
conftest.c:9:1: warning: return type defaults to 'int' [-Wimplicit-int]
    9 | main(){exit(0);}
      | ^~~~
conftest.c: In function 'main':
conftest.c:9:8: warning: implicit declaration of function 'exit' [-Wimplicit-function-declaration]
    9 | main(){exit(0);}
      |        ^~~~
conftest.c:9:8: warning: incompatible implicit declaration of built-in function 'exit'
conftest.c:1:1: note: include '<stdlib.h>' or provide a declaration of 'exit'
  +++ |+#include <stdlib.h>
    1 | /* confdefs.h */
configure:3604: $? = 0
configure:3604: ./conftest
configure:3604: $? = 0
configure:3614: result: yes
configure:3660: checking for sys/wait.h that is POSIX.1 compatible
configure:3686: gcc -c  -O3  conftest.c >&5
configure:3686: $? = 0
configure:3693: result: yes
configure:3706: checking how to run the C preprocessor
configure:3737: gcc -E  conftest.c
configure:3737: $? = 0
configure:3751: gcc -E  conftest.c
conftest.c:10:10: fatal error: ac_nonexistent.h: No such file or directory
   10 | #include <ac_nonexistent.h>
      |          ^~~~~~~~~~~~~~~~~~
compilation terminated.
configure:3751: $? = 1
configure: failed program was:
| /* confdefs.h */
| #define PACKAGE_NAME ""
| #define PACKAGE_TARNAME ""
| #define PACKAGE_VERSION ""
| #define PACKAGE_STRING ""
| #define PACKAGE_BUGREPORT ""
| #define PACKAGE_URL ""
| #define HAVE_SYS_WAIT_H 1
| /* end confdefs.h.  */
| #include <ac_nonexistent.h>
configure:3776: result: gcc -E
configure:3796: gcc -E  conftest.c
configure:3796: $? = 0
configure:3810: gcc -E  conftest.c
conftest.c:10:10: fatal error: ac_nonexistent.h: No such file or directory
   10 | #include <ac_nonexistent.h>
      |          ^~~~~~~~~~~~~~~~~~
compilation terminated.
configure:3810: $? = 1
configure: failed program was:
| /* confdefs.h */
| #define PACKAGE_NAME ""
| #define PACKAGE_TARNAME ""
| #define PACKAGE_VERSION ""
| #define PACKAGE_STRING ""
| #define PACKAGE_BUGREPORT ""
| #define PACKAGE_URL ""
| #define HAVE_SYS_WAIT_H 1
| /* end confdefs.h.  */
| #include <ac_nonexistent.h>
configure:3839: checking for grep that handles long lines and -e
configure:3897: result: /usr/bin/grep
configure:3902: checking for egrep
configure:3964: result: /usr/bin/grep -E
configure:3969: checking for ANSI C header files
configure:3989: gcc -c  -O3  conftest.c >&5
configure:3989: $? = 0
configure:4062: gcc -o conftest  -O3   conftest.c  >&5
configure:4062: $? = 0
configure:4062: ./conftest
configure:4062: $? = 0
configure:4073: result: yes
configure:4086: checking for sys/types.h
configure:4086: gcc -c  -O3  conftest.c >&5
configure:4086: $? = 0
configure:4086: result: yes
configure:4086: checking for sys/stat.h
configure:4086: gcc -c  -O3  conftest.c >&5
configure:4086: $? = 0
configure:4086: result: yes
configure:4086: checking for stdlib.h
configure:4086: gcc -c  -O3  conftest.c >&5
configure:4086: $? = 0
configure:4086: result: yes
configure:4086: checking for string.h
configure:4086: gcc -c  -O3  conftest.c >&5
configure:4086: $? = 0
configure:4086: result: yes
configure:4086: checking for memory.h
configure:4086: gcc -c  -O3  conftest.c >&5
configure:4086: $? = 0
configure:4086: result: yes
configure:4086: checking for strings.h
configure:4086: gcc -c  -O3  conftest.c >&5
configure:4086: $? = 0
configure:4086: result: yes
configure:4086: checking for inttypes.h
configure:4086: gcc -c  -O3  conftest.c >&5
configure:4086: $? = 0
configure:4086: result: yes
configure:4086: checking for stdint.h
configure:4086: gcc -c  -O3  conftest.c >&5
configure:4086: $? = 0
configure:4086: result: yes
configure:4086: checking for unistd.h
configure:4086: gcc -c  -O3  conftest.c >&5
configure:4086: $? = 0
configure:4086: result: yes
configure:4101: checking signal.h usability
configure:4101: gcc -c  -O3  conftest.c >&5
configure:4101: $? = 0
configure:4101: result: yes
configure:4101: checking signal.h presence
configure:4101: gcc -E  conftest.c
configure:4101: $? = 0
configure:4101: result: yes
configure:4101: checking for signal.h
configure:4101: result: yes
configure:4101: checking stddef.h usability
configure:4101: gcc -c  -O3  conftest.c >&5
configure:4101: $? = 0
configure:4101: result: yes
configure:4101: checking stddef.h presence
configure:4101: gcc -E  conftest.c
configure:4101: $? = 0
configure:4101: result: yes
configure:4101: checking for stddef.h
configure:4101: result: yes
configure:4101: checking for unistd.h
configure:4101: result: yes
configure:4101: checking for sys/types.h
configure:4101: result: yes
configure:4101: checking for sys/wait.h
configure:4101: result: yes
configure:4101: checking for stdlib.h
configure:4101: result: yes
configure:4101: checking for string.h
configure:4101: result: yes
configure:4101: checking errno.h usability
configure:4101: gcc -c  -O3  conftest.c >&5
configure:4101: $? = 0
configure:4101: result: yes
configure:4101: checking errno.h presence
configure:4101: gcc -E  conftest.c
configure:4101: $? = 0
configure:4101: result: yes
configure:4101: checking for errno.h
configure:4101: result: yes
configure:4101: checking pthread.h usability
configure:4101: gcc -c  -O3  conftest.c >&5
configure:4101: $? = 0
configure:4101: result: yes
configure:4101: checking pthread.h presence
configure:4101: gcc -E  conftest.c
configure:4101: $? = 0
configure:4101: result: yes
configure:4101: checking for pthread.h
configure:4101: result: yes
configure:4166: checking for pid_t
configure:4166: gcc -c  -O3  conftest.c >&5
configure:4166: $? = 0
configure:4166: gcc -c  -O3  conftest.c >&5
conftest.c: In function 'main':
conftest.c:65:20: error: expected expression before ')' token
   65 | if (sizeof ((pid_t)))
      |                    ^
configure:4166: $? = 1
configure: failed program was:
| /* confdefs.h */
| #define PACKAGE_NAME ""
| #define PACKAGE_TARNAME ""
| #define PACKAGE_VERSION ""
| #define PACKAGE_STRING ""
| #define PACKAGE_BUGREPORT ""
| #define PACKAGE_URL ""
| #define HAVE_SYS_WAIT_H 1
| #define STDC_HEADERS 1
| #define HAVE_SYS_TYPES_H 1
| #define HAVE_SYS_STAT_H 1
| #define HAVE_STDLIB_H 1
| #define HAVE_STRING_H 1
| #define HAVE_MEMORY_H 1
| #define HAVE_STRINGS_H 1
| #define HAVE_INTTYPES_H 1
| #define HAVE_STDINT_H 1
| #define HAVE_UNISTD_H 1
| #define HAVE_SIGNAL_H 1
| #define HAVE_STDDEF_H 1
| #define HAVE_UNISTD_H 1
| #define HAVE_SYS_TYPES_H 1
| #define HAVE_SYS_WAIT_H 1
| #define HAVE_STDLIB_H 1
| #define HAVE_STRING_H 1
| #define HAVE_ERRNO_H 1
| #define HAVE_PTHREAD_H 1
| /* end confdefs.h.  */
| #include <stdio.h>
| #ifdef HAVE_SYS_TYPES_H
| # include <sys/types.h>
| #endif
| #ifdef HAVE_SYS_STAT_H
| # include <sys/stat.h>
| #endif
| #ifdef STDC_HEADERS
| # include <stdlib.h>
| # include <stddef.h>
| #else
| # ifdef HAVE_STDLIB_H
| #  include <stdlib.h>
| # endif
| #endif
| #ifdef HAVE_STRING_H
| # if !defined STDC_HEADERS && defined HAVE_MEMORY_H
| #  include <memory.h>
| # endif
| # include <string.h>
| #endif
| #ifdef HAVE_STRINGS_H
| # include <strings.h>
| #endif
| #ifdef HAVE_INTTYPES_H
| # include <inttypes.h>
| #endif
| #ifdef HAVE_STDINT_H
| # include <stdint.h>
| #endif
| #ifdef HAVE_UNISTD_H
| # include <unistd.h>
| #endif
| int
| main ()
| {
| if (sizeof ((pid_t)))
| 	    return 0;
|   ;
|   return 0;
| }
configure:4166: result: yes
configure:4184: checking if malloc is declared in stdlib.h or malloc.h
configure:4215: result: 1
configure:4218: checking if ftell is declared in stdio.h
configure:4234: result: 1
configure:4237: checking if fdopen is declared in stdio.h
configure:4253: result: 1
configure:4256: checking if popen is declared in stdio.h
configure:4272: result: 1
configure:4275: checking if putenv is declared in stdlib.h
configure:4291: result: 1
configure:4294: checking if setenv is declared in stdlib.h
configure:4310: result: 1
configure:4313: checking if INFINITY is declared in math.h
configure:4333: result: 1
configure:4340: checking size of int
configure:4345: gcc -o conftest  -O3   conftest.c  >&5
configure:4345: $? = 0
configure:4345: ./conftest
configure:4345: $? = 0
configure:4359: result: 4
configure:4374: checking size of long
configure:4379: gcc -o conftest  -O3   conftest.c  >&5
configure:4379: $? = 0
configure:4379: ./conftest
configure:4379: $? = 0
configure:4393: result: 8
configure:4408: checking size of long long
configure:4413: gcc -o conftest  -O3   conftest.c  >&5
configure:4413: $? = 0
configure:4413: ./conftest
configure:4413: $? = 0
configure:4427: result: 8
configure:4442: checking size of __int128_t
configure:4447: gcc -o conftest  -O3   conftest.c  >&5
configure:4447: $? = 0
configure:4447: ./conftest
configure:4447: $? = 0
configure:4461: result: 16
configure:4487: checking for an ANSI C-conforming const
configure:4553: gcc -c  -O3  conftest.c >&5
configure:4553: $? = 0
configure:4560: result: yes
configure:4575: checking for isatty
configure:4575: gcc -o conftest  -O3   conftest.c  >&5
configure:4575: $? = 0
configure:4575: result: yes
configure:4583: checking for time
configure:4583: gcc -o conftest  -O3   conftest.c  >&5
configure:4583: $? = 0
configure:4583: result: yes
configure:4591: checking for gettimeofday
configure:4591: gcc -o conftest  -O3   conftest.c  >&5
configure:4591: $? = 0
configure:4591: result: yes
configure:4599: checking for times
configure:4599: gcc -o conftest  -O3   conftest.c  >&5
configure:4599: $? = 0
configure:4599: result: yes
configure:4607: checking for getrusage
configure:4607: gcc -o conftest  -O3   conftest.c  >&5
configure:4607: $? = 0
configure:4607: result: yes
configure:4615: checking for perror
configure:4615: gcc -o conftest  -O3   conftest.c  >&5
configure:4615: $? = 0
configure:4615: result: yes
configure:4623: checking for pipe
configure:4623: gcc -o conftest  -O3   conftest.c  >&5
configure:4623: $? = 0
configure:4623: result: yes
configure:4631: checking for wait
configure:4631: gcc -o conftest  -O3   conftest.c  >&5
configure:4631: $? = 0
configure:4631: result: yes
configure:4639: checking for popen
configure:4639: gcc -o conftest  -O3   conftest.c  >&5
configure:4639: $? = 0
configure:4639: result: yes
configure:4647: checking for putenv
configure:4647: gcc -o conftest  -O3   conftest.c  >&5
configure:4647: $? = 0
configure:4647: result: yes
configure:4655: checking for setenv
configure:4655: gcc -o conftest  -O3   conftest.c  >&5
configure:4655: $? = 0
configure:4655: result: yes
configure:4665: checking vfork.h usability
configure:4665: gcc -c  -O3  conftest.c >&5
conftest.c:66:10: fatal error: vfork.h: No such file or directory
   66 | #include <vfork.h>
      |          ^~~~~~~~~
compilation terminated.
configure:4665: $? = 1
configure: failed program was:
| /* confdefs.h */
| #define PACKAGE_NAME ""
| #define PACKAGE_TARNAME ""
| #define PACKAGE_VERSION ""
| #define PACKAGE_STRING ""
| #define PACKAGE_BUGREPORT ""
| #define PACKAGE_URL ""
| #define HAVE_SYS_WAIT_H 1
| #define STDC_HEADERS 1
| #define HAVE_SYS_TYPES_H 1
| #define HAVE_SYS_STAT_H 1
| #define HAVE_STDLIB_H 1
| #define HAVE_STRING_H 1
| #define HAVE_MEMORY_H 1
| #define HAVE_STRINGS_H 1
| #define HAVE_INTTYPES_H 1
| #define HAVE_STDINT_H 1
| #define HAVE_UNISTD_H 1
| #define HAVE_SIGNAL_H 1
| #define HAVE_STDDEF_H 1
| #define HAVE_UNISTD_H 1
| #define HAVE_SYS_TYPES_H 1
| #define HAVE_SYS_WAIT_H 1
| #define HAVE_STDLIB_H 1
| #define HAVE_STRING_H 1
| #define HAVE_ERRNO_H 1
| #define HAVE_PTHREAD_H 1
| #define SIZEOF_INT 4
| #define SIZEOF_LONG 8
| #define SIZEOF_LONG_LONG 8
| #define SIZEOF___INT128_T 16
| /* end confdefs.h.  */
| #include <stdio.h>
| #ifdef HAVE_SYS_TYPES_H
| # include <sys/types.h>
| #endif
| #ifdef HAVE_SYS_STAT_H
| # include <sys/stat.h>
| #endif
| #ifdef STDC_HEADERS
| # include <stdlib.h>
| # include <stddef.h>
| #else
| # ifdef HAVE_STDLIB_H
| #  include <stdlib.h>
| # endif
| #endif
| #ifdef HAVE_STRING_H
| # if !defined STDC_HEADERS && defined HAVE_MEMORY_H
| #  include <memory.h>
| # endif
| # include <string.h>
| #endif
| #ifdef HAVE_STRINGS_H
| # include <strings.h>
| #endif
| #ifdef HAVE_INTTYPES_H
| # include <inttypes.h>
| #endif
| #ifdef HAVE_STDINT_H
| # include <stdint.h>
| #endif
| #ifdef HAVE_UNISTD_H
| # include <unistd.h>
| #endif
| #include <vfork.h>
configure:4665: result: no
configure:4665: checking vfork.h presence
configure:4665: gcc -E  conftest.c
conftest.c:33:10: fatal error: vfork.h: No such file or directory
   33 | #include <vfork.h>
      |          ^~~~~~~~~
compilation terminated.
configure:4665: $? = 1
configure: failed program was:
| /* confdefs.h */
| #define PACKAGE_NAME ""
| #define PACKAGE_TARNAME ""
| #define PACKAGE_VERSION ""
| #define PACKAGE_STRING ""
| #define PACKAGE_BUGREPORT ""
| #define PACKAGE_URL ""
| #define HAVE_SYS_WAIT_H 1
| #define STDC_HEADERS 1
| #define HAVE_SYS_TYPES_H 1
| #define HAVE_SYS_STAT_H 1
| #define HAVE_STDLIB_H 1
| #define HAVE_STRING_H 1
| #define HAVE_MEMORY_H 1
| #define HAVE_STRINGS_H 1
| #define HAVE_INTTYPES_H 1
| #define HAVE_STDINT_H 1
| #define HAVE_UNISTD_H 1
| #define HAVE_SIGNAL_H 1
| #define HAVE_STDDEF_H 1
| #define HAVE_UNISTD_H 1
| #define HAVE_SYS_TYPES_H 1
| #define HAVE_SYS_WAIT_H 1
| #define HAVE_STDLIB_H 1
| #define HAVE_STRING_H 1
| #define HAVE_ERRNO_H 1
| #define HAVE_PTHREAD_H 1
| #define SIZEOF_INT 4
| #define SIZEOF_LONG 8
| #define SIZEOF_LONG_LONG 8
| #define SIZEOF___INT128_T 16
| /* end confdefs.h.  */
| #include <vfork.h>
configure:4665: result: no
configure:4665: checking for vfork.h
configure:4665: result: no
configure:4678: checking for fork
configure:4678: gcc -o conftest  -O3   conftest.c  >&5
conftest.c:56:6: warning: conflicting types for built-in function 'fork'; expected 'int(void)' [-Wbuiltin-declaration-mismatch]
   56 | char fork ();
      |      ^~~~
configure:4678: $? = 0
configure:4678: result: yes
configure:4678: checking for vfork
configure:4678: gcc -o conftest  -O3   conftest.c  >&5
configure:4678: $? = 0
configure:4678: result: yes
configure:4688: checking for working fork
configure:4710: gcc -o conftest  -O3   conftest.c  >&5
configure:4710: $? = 0
configure:4710: ./conftest
configure:4710: $? = 0
configure:4720: result: yes
configure:4741: checking for working vfork
configure:4851: result: yes
configure:4883: checking for fseeko
configure:4883: gcc -o conftest  -O3   conftest.c  >&5
configure:4883: $? = 0
configure:4883: result: yes
configure:4891: checking for sigaction
configure:4891: gcc -o conftest  -O3   conftest.c  >&5
configure:4891: $? = 0
configure:4891: result: yes
configure:4899: checking for sigprocmask
configure:4899: gcc -o conftest  -O3   conftest.c  >&5
configure:4899: $? = 0
configure:4899: result: yes
configure:4909: checking if popcnt instruction is available and requested
configure:4931: result: 1
configure:4982: checking if __builtin_popcount() is supported
configure:4988: gcc -o conftest  -O3 -mpopcnt   conftest.c  >&5
conftest.c:37:1: warning: return type defaults to 'int' [-Wimplicit-int]
   37 | main(){unsigned int x; x = __builtin_popcount(x);}
      | ^~~~
configure:4988: $? = 0
configure:4995: result: 1
configure:4997: checking if __builtin_popcountl() is supported
configure:5003: gcc -o conftest  -O3 -mpopcnt   conftest.c  >&5
conftest.c:37:1: warning: return type defaults to 'int' [-Wimplicit-int]
   37 | main(){unsigned long x; x = __builtin_popcountl(x);}
      | ^~~~
configure:5003: $? = 0
configure:5010: result: 1
configure:5012: checking if __builtin_popcountll() is supported
configure:5018: gcc -o conftest  -O3 -mpopcnt   conftest.c  >&5
conftest.c:37:1: warning: return type defaults to 'int' [-Wimplicit-int]
   37 | main(){unsigned long long x; x = __builtin_popcountll(x);}
      | ^~~~
configure:5018: $? = 0
configure:5025: result: 1
configure:5051: checking if __builtin_clz() is supported
configure:5057: gcc -o conftest  -O3   conftest.c  >&5
conftest.c:37:1: warning: return type defaults to 'int' [-Wimplicit-int]
   37 | main(){unsigned int x; x = __builtin_clz(x);}
      | ^~~~
configure:5057: $? = 0
configure:5064: result: 1
configure:5066: checking if __builtin_clzl() is supported
configure:5072: gcc -o conftest  -O3   conftest.c  >&5
conftest.c:37:1: warning: return type defaults to 'int' [-Wimplicit-int]
   37 | main(){unsigned long x; x = __builtin_clzl(x);}
      | ^~~~
configure:5072: $? = 0
configure:5079: result: 1
configure:5081: checking if __builtin_clzll() is supported
configure:5087: gcc -o conftest  -O3   conftest.c  >&5
conftest.c:37:1: warning: return type defaults to 'int' [-Wimplicit-int]
   37 | main(){unsigned long long x; x = __builtin_clzll(x);}
      | ^~~~
configure:5087: $? = 0
configure:5094: result: 1
configure:5108: checking for pthread_create
configure:5108: gcc -o conftest  -O3   conftest.c  >&5
/usr/bin/ld: /tmp/ccxffMYI.o: in function `main':
conftest.c:(.text.startup+0xb): undefined reference to `pthread_create'
collect2: error: ld returned 1 exit status
configure:5108: $? = 1
configure: failed program was:
| /* confdefs.h */
| #define PACKAGE_NAME ""
| #define PACKAGE_TARNAME ""
| #define PACKAGE_VERSION ""
| #define PACKAGE_STRING ""
| #define PACKAGE_BUGREPORT ""
| #define PACKAGE_URL ""
| #define HAVE_SYS_WAIT_H 1
| #define STDC_HEADERS 1
| #define HAVE_SYS_TYPES_H 1
| #define HAVE_SYS_STAT_H 1
| #define HAVE_STDLIB_H 1
| #define HAVE_STRING_H 1
| #define HAVE_MEMORY_H 1
| #define HAVE_STRINGS_H 1
| #define HAVE_INTTYPES_H 1
| #define HAVE_STDINT_H 1
| #define HAVE_UNISTD_H 1
| #define HAVE_SIGNAL_H 1
| #define HAVE_STDDEF_H 1
| #define HAVE_UNISTD_H 1
| #define HAVE_SYS_TYPES_H 1
| #define HAVE_SYS_WAIT_H 1
| #define HAVE_STDLIB_H 1
| #define HAVE_STRING_H 1
| #define HAVE_ERRNO_H 1
| #define HAVE_PTHREAD_H 1
| #define SIZEOF_INT 4
| #define SIZEOF_LONG 8
| #define SIZEOF_LONG_LONG 8
| #define SIZEOF___INT128_T 16
| #define HAVE_FORK 1
| #define HAVE_VFORK 1
| #define HAVE_WORKING_VFORK 1
| #define HAVE_WORKING_FORK 1
| /* end confdefs.h.  */
| /* Define pthread_create to an innocuous variant, in case <limits.h> declares pthread_create.
|    For example, HP-UX 11i <limits.h> declares gettimeofday.  */
| #define pthread_create innocuous_pthread_create
| 
| /* System header to define __stub macros and hopefully few prototypes,
|     which can conflict with char pthread_create (); below.
|     Prefer <limits.h> to <assert.h> if __STDC__ is defined, since
|     <limits.h> exists even on freestanding compilers.  */
| 
| #ifdef __STDC__
| # include <limits.h>
| #else
| # include <assert.h>
| #endif
| 
| #undef pthread_create
| 
| /* Override any GCC internal prototype to avoid an error.
|    Use char because int might match the return type of a GCC
|    builtin and then its argument prototype would still apply.  */
| #ifdef __cplusplus
| extern "C"
| #endif
| char pthread_create ();
| /* The GNU C library defines this for functions which it implements
|     to always fail with ENOSYS.  Some functions are actually named
|     something starting with __ and the normal name is an alias.  */
| #if defined __stub_pthread_create || defined __stub___pthread_create
| choke me
| #endif
| 
| int
| main ()
| {
| return pthread_create ();
|   ;
|   return 0;
| }
configure:5108: result: no
configure:5119: checking for pthread_create in -lpthread
configure:5144: gcc -o conftest  -O3   conftest.c -lpthread   >&5
configure:5144: $? = 0
configure:5153: result: yes
configure:5181: checking for getc_unlocked
configure:5181: gcc -o conftest  -O3   conftest.c  >&5
configure:5181: $? = 0
configure:5181: result: yes
configure:5188: checking for flockfile
configure:5188: gcc -o conftest  -O3   conftest.c  >&5
configure:5188: $? = 0
configure:5188: result: yes
configure:5373: checking for gsort
configure:5403: result: no
configure:5373: checking for sort
configure:5389: found /usr/bin/sort
configure:5400: result: sort
configure:5414: checking if sort supports the -k switch
configure:5422: result: 1
configure:5575: creating ./config.status

## ---------------------- ##
## Running config.status. ##
## ---------------------- ##

This file was extended by config.status, which was
generated by GNU Autoconf 2.69.  Invocation command line was

  CONFIG_FILES    = 
  CONFIG_HEADERS  = 
  CONFIG_LINKS    = 
  CONFIG_COMMANDS = 
  $ ./config.status 

on maquina

config.status:794: creating makefile
config.status:794: creating nauty.h
config.status:794: creating naututil.h
config.status:794: creating gtools.h

## ---------------- ##
## Cache variables. ##
## ---------------- ##

ac_cv_build=x86_64-pc-linux-gnu
ac_cv_c_compiler_gnu=yes
ac_cv_c_const=yes
ac_cv_env_CC_set=
ac_cv_env_CC_value=
ac_cv_env_CFLAGS_set=
ac_cv_env_CFLAGS_value=
ac_cv_env_CPPFLAGS_set=
ac_cv_env_CPPFLAGS_value=
ac_cv_env_CPP_set=
ac_cv_env_CPP_value=
ac_cv_env_LDFLAGS_set=
ac_cv_env_LDFLAGS_value=
ac_cv_env_LIBS_set=
ac_cv_env_LIBS_value=
ac_cv_env_build_alias_set=
ac_cv_env_build_alias_value=
ac_cv_env_host_alias_set=
ac_cv_env_host_alias_value=
ac_cv_env_target_alias_set=
ac_cv_env_target_alias_value=
ac_cv_func_flockfile=yes
ac_cv_func_fork=yes
ac_cv_func_fork_works=yes
ac_cv_func_fseeko=yes
ac_cv_func_getc_unlocked=yes
ac_cv_func_getrusage=yes
ac_cv_func_gettimeofday=yes
ac_cv_func_isatty=yes
ac_cv_func_perror=yes
ac_cv_func_pipe=yes
ac_cv_func_popen=yes
ac_cv_func_pthread_create=no
ac_cv_func_putenv=yes
ac_cv_func_setenv=yes
ac_cv_func_sigaction=yes
ac_cv_func_sigprocmask=yes
ac_cv_func_time=yes
ac_cv_func_times=yes
ac_cv_func_vfork=yes
ac_cv_func_vfork_works=yes
ac_cv_func_wait=yes
ac_cv_header_errno_h=yes
ac_cv_header_inttypes_h=yes
ac_cv_header_memory_h=yes
ac_cv_header_pthread_h=yes
ac_cv_header_signal_h=yes
ac_cv_header_stdc=yes
ac_cv_header_stddef_h=yes
ac_cv_header_stdint_h=yes
ac_cv_header_stdlib_h=yes
ac_cv_header_string_h=yes
ac_cv_header_strings_h=yes
ac_cv_header_sys_stat_h=yes
ac_cv_header_sys_types_h=yes
ac_cv_header_sys_wait_h=yes
ac_cv_header_unistd_h=yes
ac_cv_header_vfork_h=no
ac_cv_host=x86_64-pc-linux-gnu
ac_cv_lib_pthread_pthread_create=yes
ac_cv_objext=o
ac_cv_path_EGREP='/usr/bin/grep -E'
ac_cv_path_GREP=/usr/bin/grep
ac_cv_prog_CPP='gcc -E'
ac_cv_prog_ac_ct_CC=gcc
ac_cv_prog_cc_c89=
ac_cv_prog_cc_g=yes
ac_cv_prog_sort_prog=sort
ac_cv_sizeof___int128_t=16
ac_cv_sizeof_int=4
ac_cv_sizeof_long=8
ac_cv_sizeof_long_long=8
ac_cv_sys_file_offset_bits=0
ac_cv_sys_largefile_CC=no
ac_cv_tls=
ac_cv_try_cflags_ok=yes
ac_cv_type_pid_t=yes

## ----------------- ##
## Output variables. ##
## ----------------- ##

CC='gcc'
CFLAGS=' -O3'
CPP='gcc -E'
CPPFLAGS=''
DEFS='-DPACKAGE_NAME=\"\" -DPACKAGE_TARNAME=\"\" -DPACKAGE_VERSION=\"\" -DPACKAGE_STRING=\"\" -DPACKAGE_BUGREPORT=\"\" -DPACKAGE_URL=\"\" -DHAVE_SYS_WAIT_H=1 -DSTDC_HEADERS=1 -DHAVE_SYS_TYPES_H=1 -DHAVE_SYS_STAT_H=1 -DHAVE_STDLIB_H=1 -DHAVE_STRING_H=1 -DHAVE_MEMORY_H=1 -DHAVE_STRINGS_H=1 -DHAVE_INTTYPES_H=1 -DHAVE_STDINT_H=1 -DHAVE_UNISTD_H=1 -DHAVE_SIGNAL_H=1 -DHAVE_STDDEF_H=1 -DHAVE_UNISTD_H=1 -DHAVE_SYS_TYPES_H=1 -DHAVE_SYS_WAIT_H=1 -DHAVE_STDLIB_H=1 -DHAVE_STRING_H=1 -DHAVE_ERRNO_H=1 -DHAVE_PTHREAD_H=1 -DSIZEOF_INT=4 -DSIZEOF_LONG=8 -DSIZEOF_LONG_LONG=8 -DSIZEOF___INT128_T=16 -DHAVE_FORK=1 -DHAVE_VFORK=1 -DHAVE_WORKING_VFORK=1 -DHAVE_WORKING_FORK=1'
ECHO_C=''
ECHO_N='-n'
ECHO_T=''
EGREP='/usr/bin/grep -E'
EXEEXT=''
GREP='/usr/bin/grep'
LDFLAGS=''
LIBOBJS=''
LIBS=''
LTLIBOBJS=''
MORECFLAGS=' -mpopcnt'
OBJEXT='o'
PACKAGE_BUGREPORT=''
PACKAGE_NAME=''
PACKAGE_STRING=''
PACKAGE_TARNAME=''
PACKAGE_URL=''
PACKAGE_VERSION=''
PATH_SEPARATOR=':'
SHELL='/bin/bash'
ac_ct_CC='gcc'
ac_cv_sizeof___int128_t='16'
ac_cv_sizeof_int='4'
ac_cv_sizeof_long='8'
ac_cv_sizeof_long_long='8'
ac_cv_sys_file_offset_bits='0'
ac_cv_tls=''
allow_interrupt='1'
bindir='${exec_prefix}/bin'
build='x86_64-pc-linux-gnu'
build_alias=''
build_cpu='x86_64'
build_os='linux-gnu'
build_vendor='pc'
datadir='${datarootdir}'
datarootdir='${prefix}/share'
default_wordsize='0'
docdir='${datarootdir}/doc/${PACKAGE}'
dvidir='${docdir}'
edit_msg='++++++ This file is automatically generated, don'\''t edit it by hand! ++++++'
exec_prefix='${prefix}'
fdopen_dec='1'
ftell_dec='1'
has_math_inf='1'
have_ansicontrols='0'
have_clz='1'
have_clzl='1'
have_clzll='1'
have_const='1'
have_fork='1'
have_fseeko='1'
have_getrusage='1'
have_gettimeofday='1'
have_hwpopcnt='1'
have_isatty='1'
have_mmpop32='0'
have_mmpop64='0'
have_perror='1'
have_pid_t='1'
have_pipe='1'
have_popcnt='1'
have_popcntl='1'
have_popcntll='1'
have_popen='1'
have_pthread='1'
have_putenv='1'
have_setenv='1'
have_sigaction='1'
have_sigprocmask='1'
have_time='1'
have_times='1'
have_tls='0'
have_wait='1'
header_errno_h='1'
header_pthread_h='1'
header_signal_h='1'
header_stddef_h='1'
header_stdlib_h='1'
header_string_h='1'
header_sys_types_h='1'
header_sys_wait_h='1'
header_unistd_h='1'
host='x86_64-pc-linux-gnu'
host_alias=''
host_cpu='x86_64'
host_os='linux-gnu'
host_vendor='pc'
htmldir='${docdir}'
includedir='${prefix}/include'
infodir='${datarootdir}/info'
libdir='${exec_prefix}/lib'
libexecdir='${exec_prefix}/libexec'
localedir='${datarootdir}/locale'
localstatedir='${prefix}/var'
lok='1'
malloc_dec='1'
mandir='${datarootdir}/man'
oldincludedir='/usr/include'
pdfdir='${docdir}'
popen_dec='1'
prefix='/usr/local'
program_transform_name='s,x,x,'
psdir='${docdir}'
putenv_dec='1'
sbindir='${exec_prefix}/sbin'
setenv_dec='1'
sharedstatedir='${prefix}/com'
shortg_or_null='shortg'
sort_newparams_ok='1'
sort_prog='sort'
stdio_nolock='1'
sysconfdir='${prefix}/etc'
target_alias=''
testprogs='dreadtest dreadtestS dreadtestS1 dreadtest4K dreadtest1 dreadtestW dreadtestW1 dreadtestL1 dreadtestL'
threadlib='-lpthread'

## ----------- ##
## confdefs.h. ##
## ----------- ##

/* confdefs.h */
#define PACKAGE_NAME ""
#define PACKAGE_TARNAME ""
#define PACKAGE_VERSION ""
#define PACKAGE_STRING ""
#define PACKAGE_BUGREPORT ""
#define PACKAGE_URL ""
#define HAVE_SYS_WAIT_H 1
#define STDC_HEADERS 1
#define HAVE_SYS_TYPES_H 1
#define HAVE_SYS_STAT_H 1
#define HAVE_STDLIB_H 1
#define HAVE_STRING_H 1
#define HAVE_MEMORY_H 1
#define HAVE_STRINGS_H 1
#define HAVE_INTTYPES_H 1
#define HAVE_STDINT_H 1
#define HAVE_UNISTD_H 1
#define HAVE_SIGNAL_H 1
#define HAVE_STDDEF_H 1
#define HAVE_UNISTD_H 1
#define HAVE_SYS_TYPES_H 1
#define HAVE_SYS_WAIT_H 1
#define HAVE_STDLIB_H 1
#define HAVE_STRING_H 1
#define HAVE_ERRNO_H 1
#define HAVE_PTHREAD_H 1
#define SIZEOF_INT 4
#define SIZEOF_LONG 8
#define SIZEOF_LONG_LONG 8
#define SIZEOF___INT128_T 16
#define HAVE_FORK 1
#define HAVE_VFORK 1
#define HAVE_WORKING_VFORK 1
#define HAVE_WORKING_FORK 1

configure: exit 0
